<?xml version="1.0" encoding="UTF-8"?>
<testng-results skipped="0" failed="0" total="1" passed="1">
  <reporter-output>
  </reporter-output>
  <suite name="Surefire suite" duration-ms="29308" started-at="2016-01-25T16:19:19Z" finished-at="2016-01-25T16:19:48Z">
    <groups>
    </groups>
    <test name="Surefire test" duration-ms="29308" started-at="2016-01-25T16:19:19Z" finished-at="2016-01-25T16:19:48Z">
      <class name="gusak.tests.BaseTest">
        <test-method status="PASS" signature="openPage()[pri:0, instance:gusak.tests.BaseTest@72d16d6]" name="openPage" is-config="true" duration-ms="6590" started-at="2016-01-25T19:19:12Z" finished-at="2016-01-25T19:19:19Z">
          <reporter-output>
          </reporter-output>
        </test-method> <!-- openPage -->
      </class> <!-- gusak.tests.BaseTest -->
      <class name="gusak.tests.AutorizationTest">
        <test-method status="PASS" signature="loginTest()[pri:0, instance:gusak.tests.AutorizationTest@7d90764a]" name="loginTest" duration-ms="28810" started-at="2016-01-25T19:19:19Z" finished-at="2016-01-25T19:19:48Z">
          <reporter-output>
          </reporter-output>
        </test-method> <!-- loginTest -->
      </class> <!-- gusak.tests.AutorizationTest -->
    </test> <!-- Surefire test -->
  </suite> <!-- Surefire suite -->
</testng-results>
