<?xml version="1.0" encoding="UTF-8"?>
<testng-results skipped="0" failed="0" total="1" passed="1">
  <reporter-output>
  </reporter-output>
  <suite name="Surefire suite" duration-ms="25995" started-at="2016-01-27T18:02:11Z" finished-at="2016-01-27T18:02:37Z">
    <groups>
    </groups>
    <test name="Surefire test" duration-ms="25995" started-at="2016-01-27T18:02:11Z" finished-at="2016-01-27T18:02:37Z">
      <class name="gusak.tests.BaseTest">
        <test-method status="PASS" signature="openPage()[pri:0, instance:gusak.tests.BaseTest@6843fdc4]" name="openPage" is-config="true" duration-ms="13070" started-at="2016-01-27T21:01:58Z" finished-at="2016-01-27T21:02:11Z">
          <reporter-output>
          </reporter-output>
        </test-method> <!-- openPage -->
      </class> <!-- gusak.tests.BaseTest -->
      <class name="gusak.tests.AutorizationTest">
        <test-method status="PASS" signature="loginTest()[pri:0, instance:gusak.tests.AutorizationTest@6c9e74f3]" name="loginTest" duration-ms="25095" started-at="2016-01-27T21:02:12Z" finished-at="2016-01-27T21:02:37Z">
          <reporter-output>
          </reporter-output>
        </test-method> <!-- loginTest -->
      </class> <!-- gusak.tests.AutorizationTest -->
    </test> <!-- Surefire test -->
  </suite> <!-- Surefire suite -->
</testng-results>
